<?xml version="1.0" encoding="utf-8" ?>
<config xmlns="http://rsdn.ru/CodeJam/Extensibility/ConfigSectionSchema.xsd">
	<section3 xmlns="">
		<value>Value 2</value>
	</section3>
</config>
